# JRE version: Java(TM) SE Runtime Environment (8.0_202-b08) (build 1.8.0_202-b08)
# Java VM: Java HotSpot(TM) 64-Bit Server VM (25.202-b08 mixed mode windows-amd64 compressed oops)
Heap:
 PSYoungGen      total 13312K, used 11428K [0x00000000d6180000, 0x00000000d7480000, 0x0000000100000000)
  eden space 8704K, 78% used [0x00000000d6180000,0x00000000d6830a98,0x00000000d6a00000)
  from space 4608K, 99% used [0x00000000d6b80000,0x00000000d6ff85f8,0x00000000d7000000)
  to   space 3584K, 0% used [0x00000000d7100000,0x00000000d7100000,0x00000000d7480000)
 ParOldGen       total 9728K, used 4851K [0x0000000082400000, 0x0000000082d80000, 0x00000000d6180000)
  object space 9728K, 49% used [0x0000000082400000,0x00000000828bcc18,0x0000000082d80000)
 Metaspace       used 7609K, capacity 8500K, committed 8704K, reserved 1056768K
  class space    used 906K, capacity 944K, committed 1024K, reserved 1048576K
GC Heap History (10 events):
Event: 0.886 GC heap before
{Heap before GC invocations=4 (full 0):
 PSYoungGen      total 3584K, used 3583K [0x00000000d6180000, 0x00000000d6880000, 0x0000000100000000)
  eden space 3072K, 100% used [0x00000000d6180000,0x00000000d6480000,0x00000000d6480000)
  from space 512K, 99% used [0x00000000d6480000,0x00000000d64ffc10,0x00000000d6500000)
  to   space 512K, 0% used [0x00000000d6800000,0x00000000d6800000,0x00000000d6880000)
 ParOldGen       total 5632K, used 576K [0x0000000082400000, 0x0000000082980000, 0x00000000d6180000)
  object space 5632K, 10% used [0x0000000082400000,0x0000000082490040,0x0000000082980000)
 Metaspace       used 6039K, capacity 7276K, committed 7552K, reserved 1056768K
  class space    used 759K, capacity 808K, committed 896K, reserved 1048576K
Event: 0.889 GC heap after
Heap after GC invocations=4 (full 0):
 PSYoungGen      total 6656K, used 512K [0x00000000d6180000, 0x00000000d6880000, 0x0000000100000000)
  eden space 6144K, 0% used [0x00000000d6180000,0x00000000d6180000,0x00000000d6780000)
  from space 512K, 100% used [0x00000000d6800000,0x00000000d6880000,0x00000000d6880000)
  to   space 512K, 0% used [0x00000000d6780000,0x00000000d6780000,0x00000000d6800000)
 ParOldGen       total 5632K, used 873K [0x0000000082400000, 0x0000000082980000, 0x00000000d6180000)
  object space 5632K, 15% used [0x0000000082400000,0x00000000824da590,0x0000000082980000)
 Metaspace       used 6039K, capacity 7276K, committed 7552K, reserved 1056768K
  class space    used 759K, capacity 808K, committed 896K, reserved 1048576K
}
Event: 1.259 GC heap before
{Heap before GC invocations=5 (full 0):
 PSYoungGen      total 6656K, used 6656K [0x00000000d6180000, 0x00000000d6880000, 0x0000000100000000)
  eden space 6144K, 100% used [0x00000000d6180000,0x00000000d6780000,0x00000000d6780000)
  from space 512K, 100% used [0x00000000d6800000,0x00000000d6880000,0x00000000d6880000)
  to   space 512K, 0% used [0x00000000d6780000,0x00000000d6780000,0x00000000d6800000)
 ParOldGen       total 5632K, used 873K [0x0000000082400000, 0x0000000082980000, 0x00000000d6180000)
  object space 5632K, 15% used [0x0000000082400000,0x00000000824da590,0x0000000082980000)
 Metaspace       used 7317K, capacity 8212K, committed 8448K, reserved 1056768K
  class space    used 889K, capacity 912K, committed 1024K, reserved 1048576K
Event: 1.285 GC heap after
Heap after GC invocations=5 (full 0):
 PSYoungGen      total 6656K, used 500K [0x00000000d6180000, 0x00000000d7480000, 0x0000000100000000)
  eden space 6144K, 0% used [0x00000000d6180000,0x00000000d6180000,0x00000000d6780000)
  from space 512K, 97% used [0x00000000d6780000,0x00000000d67fd010,0x00000000d6800000)
  to   space 3584K, 0% used [0x00000000d7100000,0x00000000d7100000,0x00000000d7480000)
 ParOldGen       total 5632K, used 4219K [0x0000000082400000, 0x0000000082980000, 0x00000000d6180000)
  object space 5632K, 74% used [0x0000000082400000,0x000000008281ef10,0x0000000082980000)
 Metaspace       used 7317K, capacity 8212K, committed 8448K, reserved 1056768K
  class space    used 889K, capacity 912K, committed 1024K, reserved 1048576K
}
Event: 1.285 GC heap before
{Heap before GC invocations=6 (full 1):
 PSYoungGen      total 6656K, used 500K [0x00000000d6180000, 0x00000000d7480000, 0x0000000100000000)
  eden space 6144K, 0% used [0x00000000d6180000,0x00000000d6180000,0x00000000d6780000)
  from space 512K, 97% used [0x00000000d6780000,0x00000000d67fd010,0x00000000d6800000)
  to   space 3584K, 0% used [0x00000000d7100000,0x00000000d7100000,0x00000000d7480000)
 ParOldGen       total 5632K, used 4219K [0x0000000082400000, 0x0000000082980000, 0x00000000d6180000)
  object space 5632K, 74% used [0x0000000082400000,0x000000008281ef10,0x0000000082980000)
 Metaspace       used 7317K, capacity 8212K, committed 8448K, reserved 1056768K
  class space    used 889K, capacity 912K, committed 1024K, reserved 1048576K
Event: 1.349 GC heap after
Heap after GC invocations=6 (full 1):
 PSYoungGen      total 6656K, used 0K [0x00000000d6180000, 0x00000000d7480000, 0x0000000100000000)
  eden space 6144K, 0% used [0x00000000d6180000,0x00000000d6180000,0x00000000d6780000)
  from space 512K, 0% used [0x00000000d6780000,0x00000000d6780000,0x00000000d6800000)
  to   space 3584K, 0% used [0x00000000d7100000,0x00000000d7100000,0x00000000d7480000)
 ParOldGen       total 9728K, used 4595K [0x0000000082400000, 0x0000000082d80000, 0x00000000d6180000)
  object space 9728K, 47% used [0x0000000082400000,0x000000008287cc18,0x0000000082d80000)
 Metaspace       used 7317K, capacity 8212K, committed 8448K, reserved 1056768K
  class space    used 889K, capacity 912K, committed 1024K, reserved 1048576K
}
Event: 1.531 GC heap before
{Heap before GC invocations=7 (full 1):
 PSYoungGen      total 6656K, used 6144K [0x00000000d6180000, 0x00000000d7480000, 0x0000000100000000)
  eden space 6144K, 100% used [0x00000000d6180000,0x00000000d6780000,0x00000000d6780000)
  from space 512K, 0% used [0x00000000d6780000,0x00000000d6780000,0x00000000d6800000)
  to   space 3584K, 0% used [0x00000000d7100000,0x00000000d7100000,0x00000000d7480000)
 ParOldGen       total 9728K, used 4595K [0x0000000082400000, 0x0000000082d80000, 0x00000000d6180000)
  object space 9728K, 47% used [0x0000000082400000,0x000000008287cc18,0x0000000082d80000)
 Metaspace       used 7361K, capacity 8276K, committed 8448K, reserved 1056768K
  class space    used 892K, capacity 912K, committed 1024K, reserved 1048576K
Event: 1.542 GC heap after
Heap after GC invocations=7 (full 1):
 PSYoungGen      total 12288K, used 3555K [0x00000000d6180000, 0x00000000d7480000, 0x0000000100000000)
  eden space 8704K, 0% used [0x00000000d6180000,0x00000000d6180000,0x00000000d6a00000)
  from space 3584K, 99% used [0x00000000d7100000,0x00000000d7478c78,0x00000000d7480000)
  to   space 4608K, 0% used [0x00000000d6b80000,0x00000000d6b80000,0x00000000d7000000)
 ParOldGen       total 9728K, used 4747K [0x0000000082400000, 0x0000000082d80000, 0x00000000d6180000)
  object space 9728K, 48% used [0x0000000082400000,0x00000000828a2c18,0x0000000082d80000)
 Metaspace       used 7361K, capacity 8276K, committed 8448K, reserved 1056768K
  class space    used 892K, capacity 912K, committed 1024K, reserved 1048576K
}
Event: 1.924 GC heap before
{Heap before GC invocations=8 (full 1):
 PSYoungGen      total 12288K, used 12259K [0x00000000d6180000, 0x00000000d7480000, 0x0000000100000000)
  eden space 8704K, 100% used [0x00000000d6180000,0x00000000d6a00000,0x00000000d6a00000)
  from space 3584K, 99% used [0x00000000d7100000,0x00000000d7478c78,0x00000000d7480000)
  to   space 4608K, 0% used [0x00000000d6b80000,0x00000000d6b80000,0x00000000d7000000)
 ParOldGen       total 9728K, used 4747K [0x0000000082400000, 0x0000000082d80000, 0x00000000d6180000)
  object space 9728K, 48% used [0x0000000082400000,0x00000000828a2c18,0x0000000082d80000)
 Metaspace       used 7584K, capacity 8436K, committed 8704K, reserved 1056768K
  class space    used 904K, capacity 944K, committed 1024K, reserved 1048576K
Event: 1.975 GC heap after
Heap after GC invocations=8 (full 1):
 PSYoungGen      total 13312K, used 4577K [0x00000000d6180000, 0x00000000d7480000, 0x0000000100000000)
  eden space 8704K, 0% used [0x00000000d6180000,0x00000000d6180000,0x00000000d6a00000)
  from space 4608K, 99% used [0x00000000d6b80000,0x00000000d6ff85f8,0x00000000d7000000)
  to   space 3584K, 0% used [0x00000000d7100000,0x00000000d7100000,0x00000000d7480000)
 ParOldGen       total 9728K, used 4851K [0x0000000082400000, 0x0000000082d80000, 0x00000000d6180000)
  object space 9728K, 49% used [0x0000000082400000,0x00000000828bcc18,0x0000000082d80000)
 Metaspace       used 7584K, capacity 8436K, committed 8704K, reserved 1056768K
  class space    used 904K, capacity 944K, committed 1024K, reserved 1048576K
}

